2023-11-01 15:45:05.890861: NF: 284393 Encontrada e impressa na impressora com sucesso. 
2023-11-01 15:45:08.052049: NF: 284009 Não encontrado no FTP.. 
2023-11-01 15:45:10.127946: NF: 284008 Não encontrado no FTP.. 
2023-11-01 15:45:12.229849: NF: 284007 Não encontrado no FTP.. 
2023-11-01 15:45:14.345467: NF: 284000 Não encontrado no FTP.. 
2023-11-01 15:45:16.405272: NF: 284012 Não encontrado no FTP.. 
2023-11-01 15:45:18.524861: NF: 284013 Não encontrado no FTP.. 
2023-11-01 15:45:20.598096: NF: 284014 Não encontrado no FTP.. 
2023-11-01 15:45:22.708278: NF: 284002 Não encontrado no FTP.. 
2023-11-01 15:45:24.781934: NF: 284001 Não encontrado no FTP.. 
2023-11-01 15:45:26.870513: NF: 284010 Não encontrado no FTP.. 
2023-11-01 15:45:28.948141: NF: 284004 Não encontrado no FTP.. 
2023-11-01 15:45:31.059761: NF: 284003 Não encontrado no FTP.. 
2023-11-01 15:45:33.133642: NF: 284108 Não encontrado no FTP.. 
2023-11-01 15:45:35.197397: NF: 284005 Não encontrado no FTP.. 
2023-11-01 15:45:37.263746: NF: 284078 Não encontrado no FTP.. 
2023-11-01 15:45:39.332426: NF: 284077 Não encontrado no FTP.. 
2023-11-01 15:45:41.398075: NF: 284006 Não encontrado no FTP.. 
2023-11-01 15:45:43.499817: NF: 284076 Não encontrado no FTP.. 
2023-11-01 16:17:28.017180: NF: 284011 Não encontrado no FTP.. 
2023-11-01 16:17:30.089038: NF: 284009:284008:284007:284000:284012:284013:284014:284002:284001:284010:284004:284003:284108:284005:284078:284077:284006:284076: Não encontrado no FTP.. 
2023-11-01 16:20:17.470657: NF: 283598 Encontrada e impressa na impressora com sucesso. 
2023-11-01 16:20:19.621137: NF: 284009 Não encontrado no FTP.. 
2023-11-01 16:20:21.693058: NF: 284008 Não encontrado no FTP.. 
2023-11-01 16:20:23.884549: NF: 284007 Não encontrado no FTP.. 
2023-11-01 16:20:26.083947: NF: 284000 Não encontrado no FTP.. 
2023-11-01 16:20:45.341608: NF: 283598 Encontrada e impressa na impressora com sucesso. 
2023-11-01 16:20:47.417726: NF: 284009 Não encontrado no FTP.. 
2023-11-01 16:20:49.553890: NF: 284008 Não encontrado no FTP.. 
2023-11-01 16:20:51.858400: NF: 283598 Encontrada e impressa na impressora com sucesso. 
2023-11-01 16:20:53.924668: NF: 284000 Não encontrado no FTP.. 
2023-11-01 16:20:55.996489: NF: 284012 Não encontrado no FTP.. 
2023-11-01 16:20:58.350388: NF: 283598 Encontrada e impressa na impressora com sucesso. 
2023-11-01 16:21:00.426726: NF: 284014 Não encontrado no FTP.. 
2023-11-01 16:21:02.510312: NF: 284002 Não encontrado no FTP.. 
2023-11-01 16:21:04.698825: NF: 283598 Encontrada e impressa na impressora com sucesso. 
2023-11-01 16:21:06.773380: NF: 284010 Não encontrado no FTP.. 
2023-11-01 16:21:08.959039: NF: 283598 Encontrada e impressa na impressora com sucesso. 
2023-11-01 16:21:11.017588: NF: 284003 Não encontrado no FTP.. 
2023-11-01 16:21:13.099652: NF: 284108 Não encontrado no FTP.. 
2023-11-01 16:21:15.262431: NF: 283598 Encontrada e impressa na impressora com sucesso. 
2023-11-01 16:21:17.338766: NF: 284078 Não encontrado no FTP.. 
2023-11-01 16:21:47.782949: NF: 283598 Encontrada e impressa na impressora com sucesso. 
2023-11-01 16:21:47.848989: NF: 284009 Não encontrado no FTP.. 
2023-11-01 16:21:47.900989: NF: 284008 Não encontrado no FTP.. 
2023-11-01 16:21:48.071067: NF: 283598 Encontrada e impressa na impressora com sucesso. 
2023-11-01 16:21:48.130426: NF: 284000 Não encontrado no FTP.. 
2023-11-01 16:21:48.192432: NF: 284012 Não encontrado no FTP.. 
2023-11-01 16:21:48.351493: NF: 283598 Encontrada e impressa na impressora com sucesso. 
2023-11-01 16:21:48.411356: NF: 284014 Não encontrado no FTP.. 
2023-11-01 16:21:48.478357: NF: 284002 Não encontrado no FTP.. 
2023-11-01 16:21:48.653462: NF: 283598 Encontrada e impressa na impressora com sucesso. 
2023-11-01 16:21:48.711463: NF: 284010 Não encontrado no FTP.. 
2023-11-01 16:21:48.882509: NF: 283598 Encontrada e impressa na impressora com sucesso. 
2023-11-01 16:21:48.946510: NF: 284003 Não encontrado no FTP.. 
2023-11-01 16:21:49.005509: NF: 284108 Não encontrado no FTP.. 
2023-11-01 16:21:49.197960: NF: 283598 Encontrada e impressa na impressora com sucesso. 
2023-11-01 16:21:49.247041: NF: 284078 Não encontrado no FTP.. 
2023-11-01 16:21:49.304040: NF: 284077 Não encontrado no FTP.. 
2023-11-01 16:21:49.478516: NF: 283598 Encontrada e impressa na impressora com sucesso. 
2023-11-01 16:21:49.547759: NF: 284076 Não encontrado no FTP.. 
2023-11-01 16:23:33.126097: NF: 283598 Encontrada e impressa na impressora com sucesso. 
2023-11-01 16:23:33.182260: NF: 284009 Não encontrado no FTP.. 
2023-11-01 16:23:33.255260: NF: 284008 Não encontrado no FTP.. 
2023-11-01 16:23:33.416260: NF: 283598 Encontrada e impressa na impressora com sucesso. 
2023-11-01 16:23:33.477260: NF: 284000 Não encontrado no FTP.. 
2023-11-01 16:23:33.543260: NF: 284012 Não encontrado no FTP.. 
2023-11-01 16:23:33.700304: NF: 283598 Encontrada e impressa na impressora com sucesso. 
2023-11-01 16:23:33.761272: NF: 284014 Não encontrado no FTP.. 
2023-11-01 16:23:33.847272: NF: 284002 Não encontrado no FTP.. 
2023-11-01 16:23:33.999013: NF: 283598 Encontrada e impressa na impressora com sucesso. 
2023-11-01 16:23:34.071016: NF: 284010 Não encontrado no FTP.. 
2023-11-01 16:23:34.250872: NF: 283598 Encontrada e impressa na impressora com sucesso. 
2023-11-01 16:23:34.315871: NF: 284003 Não encontrado no FTP.. 
2023-11-01 16:23:34.394872: NF: 284108 Não encontrado no FTP.. 
2023-11-01 16:23:34.563215: NF: 283598 Encontrada e impressa na impressora com sucesso. 
2023-11-01 16:23:34.618837: NF: 284078 Não encontrado no FTP.. 
2023-11-01 16:23:34.684837: NF: 284077 Não encontrado no FTP.. 
2023-11-01 16:23:34.849044: NF: 283598 Encontrada e impressa na impressora com sucesso. 
2023-11-01 16:23:34.926045: NF: 284076 Não encontrado no FTP.. 
2023-11-01 16:24:12.911382: NF: 283598 Encontrada e impressa na impressora com sucesso. 
2023-11-01 16:24:12.968330: NF: 284009 Não encontrado no FTP.. 
2023-11-01 16:24:13.028330: NF: 284008 Não encontrado no FTP.. 
2023-11-01 16:24:13.185331: NF: 283598 Encontrada e impressa na impressora com sucesso. 
2023-11-01 16:24:13.247335: NF: 284000 Não encontrado no FTP.. 
2023-11-01 16:24:13.321365: NF: 284012 Não encontrado no FTP.. 
2023-11-01 16:24:13.508923: NF: 283598 Encontrada e impressa na impressora com sucesso. 
2023-11-01 16:24:13.565883: NF: 284014 Não encontrado no FTP.. 
2023-11-01 16:24:13.641883: NF: 284002 Não encontrado no FTP.. 
2023-11-01 16:24:14.799500: NF: 283598 Encontrada e impressa na impressora com sucesso. 
2023-11-01 16:24:14.872445: NF: 284010 Não encontrado no FTP.. 
2023-11-01 16:24:15.069582: NF: 283598 Encontrada e impressa na impressora com sucesso. 
2023-11-01 16:24:15.131639: NF: 284003 Não encontrado no FTP.. 
2023-11-01 16:24:15.189638: NF: 284108 Não encontrado no FTP.. 
2023-11-01 16:24:15.364672: NF: 283598 Encontrada e impressa na impressora com sucesso. 
2023-11-01 16:24:15.426619: NF: 284078 Não encontrado no FTP.. 
2023-11-01 16:24:15.497619: NF: 284077 Não encontrado no FTP.. 
2023-11-01 16:24:15.653765: NF: 283598 Encontrada e impressa na impressora com sucesso. 
2023-11-01 16:24:15.736986: NF: 284076 Não encontrado no FTP.. 
2023-11-01 16:24:42.115378: NF: 283598 Encontrada e impressa na impressora com sucesso. 
2023-11-01 16:24:42.192377: NF: 284009 Não encontrado no FTP.. 
2023-11-01 16:24:42.264379: NF: 284008 Não encontrado no FTP.. 
2023-11-01 16:24:42.429838: NF: 283598 Encontrada e impressa na impressora com sucesso. 
2023-11-01 16:24:42.499838: NF: 284000 Não encontrado no FTP.. 
2023-11-01 16:24:42.577838: NF: 284012 Não encontrado no FTP.. 
2023-11-01 16:24:42.728802: NF: 283598 Encontrada e impressa na impressora com sucesso. 
2023-11-01 16:24:42.797474: NF: 284014 Não encontrado no FTP.. 
2023-11-01 16:24:42.872475: NF: 284002 Não encontrado no FTP.. 
2023-11-01 16:24:43.036211: NF: 283598 Encontrada e impressa na impressora com sucesso. 
2023-11-01 16:24:43.096162: NF: 284010 Não encontrado no FTP.. 
2023-11-01 16:24:43.256424: NF: 283598 Encontrada e impressa na impressora com sucesso. 
2023-11-01 16:24:43.335388: NF: 284003 Não encontrado no FTP.. 
2023-11-01 16:24:43.406421: NF: 284108 Não encontrado no FTP.. 
2023-11-01 16:24:43.564874: NF: 283598 Encontrada e impressa na impressora com sucesso. 
2023-11-01 16:24:43.619900: NF: 284078 Não encontrado no FTP.. 
2023-11-01 16:24:43.682900: NF: 284077 Não encontrado no FTP.. 
2023-11-01 16:24:43.853818: NF: 283598 Encontrada e impressa na impressora com sucesso. 
2023-11-01 16:24:43.907815: NF: 284076 Não encontrado no FTP.. 
2023-11-01 16:25:09.917817: NF: 283598 Encontrada e impressa na impressora com sucesso. 
2023-11-01 16:25:10.010817: NF: 284009 Não encontrado no FTP.. 
2023-11-01 16:25:10.070798: NF: 284008 Não encontrado no FTP.. 
2023-11-01 16:27:51.706121: NF: 283598 Encontrada e impressa na impressora com sucesso. 
2023-11-01 16:27:51.777243: NF: 284009 Não encontrado no FTP.. 
2023-11-01 16:27:51.854244: NF: 284008 Não encontrado no FTP.. 
2023-11-01 16:27:51.933243: NF: 283598 Não salva na pasta erro: {e}. 
2023-11-01 16:27:51.972245: NF: 283598 Encontrada e impressa na impressora com sucesso. 
2023-11-01 16:27:52.035281: NF: 284000 Não encontrado no FTP.. 
2023-11-01 16:27:52.097282: NF: 284012 Não encontrado no FTP.. 
2023-11-01 16:27:52.159759: NF: 283598 Não salva na pasta erro: {e}. 
2023-11-01 16:27:52.195718: NF: 283598 Encontrada e impressa na impressora com sucesso. 
2023-11-01 16:27:52.258718: NF: 284014 Não encontrado no FTP.. 
2023-11-01 16:27:52.333718: NF: 284002 Não encontrado no FTP.. 
2023-11-01 16:27:52.397149: NF: 283598 Não salva na pasta erro: {e}. 
2023-11-01 16:27:52.433110: NF: 283598 Encontrada e impressa na impressora com sucesso. 
2023-11-01 16:27:52.496192: NF: 284010 Não encontrado no FTP.. 
2023-11-01 16:27:52.556863: NF: 283598 Não salva na pasta erro: {e}. 
2023-11-01 16:27:52.602865: NF: 283598 Encontrada e impressa na impressora com sucesso. 
2023-11-01 16:27:52.666863: NF: 284003 Não encontrado no FTP.. 
2023-11-01 16:27:52.741864: NF: 284108 Não encontrado no FTP.. 
2023-11-01 16:27:52.831892: NF: 283598 Não salva na pasta erro: {e}. 
2023-11-01 16:27:52.870864: NF: 283598 Encontrada e impressa na impressora com sucesso. 
2023-11-01 16:27:52.965864: NF: 284078 Não encontrado no FTP.. 
2023-11-01 16:27:53.021864: NF: 284077 Não encontrado no FTP.. 
2023-11-01 16:27:53.199865: NF: 283598 Encontrada e impressa na impressora com sucesso. 
2023-11-01 16:27:53.273865: NF: 284076 Não encontrado no FTP.. 
2023-11-01 16:32:28.589773: NF: 284119 Não encontrado no FTP.. 
2023-11-01 16:32:28.648822: NF: 284122 Não encontrado no FTP.. 
2023-11-01 16:32:28.711027: NF: 284123 Não encontrado no FTP.. 
2023-11-01 16:32:28.795428: NF: 284125 Não encontrado no FTP.. 
2023-11-01 16:32:28.852383: NF: 284126 Não encontrado no FTP.. 
2023-11-01 16:32:29.121559: NF: 284438 Encontrada e impressa na impressora com sucesso. 
2023-11-01 16:32:29.359560: NF: 284459 Encontrada e impressa na impressora com sucesso. 
2023-11-01 16:32:29.572559: NF: 284464 Encontrada e impressa na impressora com sucesso. 
2023-11-01 16:32:29.756559: NF: 284513 Encontrada e impressa na impressora com sucesso. 
2023-11-01 16:32:29.959884: NF: 284521 Encontrada e impressa na impressora com sucesso. 
2023-11-01 16:32:30.112324: NF: 284522 Encontrada e impressa na impressora com sucesso. 
2023-11-01 16:32:30.318294: NF: 284523 Encontrada e impressa na impressora com sucesso. 
2023-11-01 16:33:54.417843: NF: 284119 Não encontrado no FTP.. 
2023-11-01 16:33:54.479065: NF: 284122 Não encontrado no FTP.. 
2023-11-01 16:33:54.541218: NF: 284123 Não encontrado no FTP.. 
2023-11-01 16:33:54.610617: NF: 284125 Não encontrado no FTP.. 
2023-11-01 16:33:54.671232: NF: 284126 Não encontrado no FTP.. 
2023-11-01 16:33:55.018267: NF: 284438 Encontrada e impressa na impressora com sucesso. 
2023-11-01 16:33:55.208299: NF: 284459 Encontrada e impressa na impressora com sucesso. 
2023-11-01 16:33:55.508946: NF: 284464 Encontrada e impressa na impressora com sucesso. 
2023-11-01 16:33:55.661947: NF: 284513 Encontrada e impressa na impressora com sucesso. 
2023-11-01 16:33:55.848403: NF: 284521 Encontrada e impressa na impressora com sucesso. 
2023-11-01 16:33:56.001875: NF: 284522 Encontrada e impressa na impressora com sucesso. 
2023-11-01 16:33:56.289875: NF: 284523 Encontrada e impressa na impressora com sucesso. 
2023-11-01 16:34:34.790710: NF: 283598 Não salva na pasta erro: {e}. 
2023-11-01 16:34:51.608258: NF: 283598 Não salva na pasta erro: {e}. 
2023-11-01 16:35:17.012350: NF: 283598 Não salva na pasta erro: {e}. 
2023-11-01 16:37:10.963629: NF: 284119 Não encontrado no FTP.. 
2023-11-01 16:37:11.022283: NF: 284122 Não encontrado no FTP.. 
2023-11-01 16:37:11.080049: NF: 284123 Não encontrado no FTP.. 
2023-11-01 16:37:11.146972: NF: 284125 Não encontrado no FTP.. 
2023-11-01 16:37:11.215399: NF: 284126 Não encontrado no FTP.. 
2023-11-01 16:37:11.289541: NF: 284438 Não salva na pasta erro: {e}. 
2023-11-01 16:38:53.203183: NF: 284119 Não encontrado no FTP.. 
2023-11-01 16:38:53.271703: NF: 284122 Não encontrado no FTP.. 
2023-11-01 16:38:53.346094: NF: 284123 Não encontrado no FTP.. 
2023-11-01 16:38:53.414098: NF: 284125 Não encontrado no FTP.. 
2023-11-01 16:38:53.491000: NF: 284126 Não encontrado no FTP.. 
2023-11-01 16:43:57.423600: NF: 283598 Não salvou na pasta. 
2023-11-01 16:44:21.222293: NF: 283598 Não salvou na pasta. 
2023-11-01 16:48:02.268923: NF: 283598 Não salvou na pasta. 
2023-11-01 16:51:02.983735: NF: 283598 Encontrada e impressa na impressora com sucesso. 
2023-11-01 16:51:03.047919: NF: 284009 Não encontrado no FTP.. 
2023-11-01 16:51:03.115919: NF: 284008 Não encontrado no FTP.. 
2023-11-01 16:51:03.275532: NF: 283598 Encontrada e impressa na impressora com sucesso. 
2023-11-01 16:51:03.345735: NF: 284000 Não encontrado no FTP.. 
2023-11-01 16:51:03.418737: NF: 284012 Não encontrado no FTP.. 
2023-11-01 16:51:03.609288: NF: 283598 Encontrada e impressa na impressora com sucesso. 
2023-11-01 16:51:03.682358: NF: 284014 Não encontrado no FTP.. 
2023-11-01 16:51:03.757359: NF: 284002 Não encontrado no FTP.. 
2023-11-01 16:51:03.918293: NF: 283598 Encontrada e impressa na impressora com sucesso. 
2023-11-01 16:51:04.015482: NF: 284010 Não encontrado no FTP.. 
2023-11-01 16:51:04.198213: NF: 283598 Encontrada e impressa na impressora com sucesso. 
2023-11-01 16:51:04.275216: NF: 284003 Não encontrado no FTP.. 
2023-11-01 16:51:04.336216: NF: 284108 Não encontrado no FTP.. 
2023-11-01 16:51:04.504246: NF: 283598 Encontrada e impressa na impressora com sucesso. 
2023-11-01 16:51:04.572246: NF: 284078 Não encontrado no FTP.. 
2023-11-01 16:51:04.631246: NF: 284077 Não encontrado no FTP.. 
2023-11-01 16:51:04.799196: NF: 283598 Encontrada e impressa na impressora com sucesso. 
2023-11-01 16:51:04.869658: NF: 284076 Não encontrado no FTP.. 
2023-11-01 16:51:28.200699: NF: 283598 Encontrada e impressa na impressora com sucesso. 
2023-11-01 16:51:28.259526: NF: 284009 Não encontrado no FTP.. 
2023-11-01 16:51:28.322527: NF: 284008 Não encontrado no FTP.. 
2023-11-01 16:51:28.482478: NF: 283598 Encontrada e impressa na impressora com sucesso. 
2023-11-01 16:51:28.584358: NF: 284000 Não encontrado no FTP.. 
2023-11-01 16:51:28.880236: NF: 284012 Não encontrado no FTP.. 
2023-11-01 16:51:29.081002: NF: 283598 Encontrada e impressa na impressora com sucesso. 
2023-11-01 16:51:29.159004: NF: 284014 Não encontrado no FTP.. 
2023-11-01 16:51:29.226005: NF: 284002 Não encontrado no FTP.. 
2023-11-01 16:51:29.389002: NF: 283598 Encontrada e impressa na impressora com sucesso. 
2023-11-01 16:51:29.451635: NF: 284010 Não encontrado no FTP.. 
2023-11-01 16:51:29.645991: NF: 283598 Encontrada e impressa na impressora com sucesso. 
2023-11-01 16:51:29.721992: NF: 284003 Não encontrado no FTP.. 
2023-11-01 16:51:29.792043: NF: 284108 Não encontrado no FTP.. 
2023-11-01 16:51:29.960434: NF: 283598 Encontrada e impressa na impressora com sucesso. 
2023-11-01 16:51:30.017331: NF: 284078 Não encontrado no FTP.. 
2023-11-01 16:51:30.076331: NF: 284077 Não encontrado no FTP.. 
2023-11-01 16:51:30.290453: NF: 283598 Encontrada e impressa na impressora com sucesso. 
2023-11-01 16:51:30.367431: NF: 284076 Não encontrado no FTP.. 
2023-11-01 16:52:13.390785: NF: 283598 Encontrada e impressa na impressora com sucesso. 
2023-11-01 16:52:13.452575: NF: 284009 Não encontrado no FTP.. 
2023-11-01 16:52:13.517576: NF: 284008 Não encontrado no FTP.. 
2023-11-01 16:52:13.664577: NF: 283598 Encontrada e impressa na impressora com sucesso. 
2023-11-01 16:52:13.726581: NF: 284000 Não encontrado no FTP.. 
2023-11-01 16:52:13.794580: NF: 284012 Não encontrado no FTP.. 
2023-11-01 16:52:13.931417: NF: 283598 Encontrada e impressa na impressora com sucesso. 
2023-11-01 16:52:13.989418: NF: 284014 Não encontrado no FTP.. 
2023-11-01 16:52:14.072419: NF: 284002 Não encontrado no FTP.. 
2023-11-01 16:52:14.224786: NF: 283598 Encontrada e impressa na impressora com sucesso. 
2023-11-01 16:52:14.283697: NF: 284010 Não encontrado no FTP.. 
2023-11-01 16:52:14.434026: NF: 283598 Encontrada e impressa na impressora com sucesso. 
2023-11-01 16:52:14.500022: NF: 284003 Não encontrado no FTP.. 
2023-11-01 16:52:14.575138: NF: 284108 Não encontrado no FTP.. 
2023-11-01 16:52:14.720315: NF: 283598 Encontrada e impressa na impressora com sucesso. 
2023-11-01 16:52:14.794316: NF: 284078 Não encontrado no FTP.. 
2023-11-01 16:52:14.856317: NF: 284077 Não encontrado no FTP.. 
2023-11-01 16:52:15.018790: NF: 283598 Encontrada e impressa na impressora com sucesso. 
2023-11-01 16:52:15.092257: NF: 284076 Não encontrado no FTP.. 
2023-11-03 12:05:30.260190: NF: 284392 Não encontrado no FTP.. 
2023-11-03 12:05:30.341183: NF: 284391 Não encontrado no FTP.. 
2023-11-03 12:05:30.410159: NF: 284390 Não encontrado no FTP.. 
2023-11-03 12:05:30.444150: NF: 284389 Não encontrado no FTP.. 
2023-11-03 12:05:30.490150: NF: 284388 Não encontrado no FTP.. 
2023-11-03 12:05:30.538257: NF: 284351 Não encontrado no FTP.. 
2023-11-03 12:05:30.576207: NF: 284341 Não encontrado no FTP.. 
2023-11-03 12:05:30.620201: NF: 284254 Não encontrado no FTP.. 
2023-11-03 12:05:30.652184: NF: 284204 Não encontrado no FTP.. 
2023-11-03 12:05:30.684347: NF: 284392 Não encontrado no FTP.. 
2023-11-03 12:05:30.716318: NF: 284391 Não encontrado no FTP.. 
2023-11-03 12:05:30.756356: NF: 284390 Não encontrado no FTP.. 
2023-11-03 12:05:30.802356: NF: 284389 Não encontrado no FTP.. 
2023-11-03 12:05:30.833373: NF: 284388 Não encontrado no FTP.. 
2023-11-03 12:05:30.880348: NF: 284351 Não encontrado no FTP.. 
2023-11-03 12:05:30.910359: NF: 284341 Não encontrado no FTP.. 
2023-11-03 12:05:30.953356: NF: 284254 Não encontrado no FTP.. 
2023-11-03 12:05:31.000356: NF: 284204 Não encontrado no FTP.. 
2023-11-03 12:05:31.045319: NF: 284254 Não encontrado no FTP.. 
2023-11-03 12:05:31.100319: NF: 284204 Não encontrado no FTP.. 
2023-11-03 12:05:31.155319: NF: 284392 Não encontrado no FTP.. 
2023-11-03 12:05:31.198319: NF: 284389 Não encontrado no FTP.. 
2023-11-03 12:05:31.244318: NF: 284351 Não encontrado no FTP.. 
2023-11-03 12:05:31.282321: NF: 284391 Não encontrado no FTP.. 
2023-11-03 12:05:31.315319: NF: 284390 Não encontrado no FTP.. 
2023-11-03 12:05:31.379327: NF: 284388 Não encontrado no FTP.. 
2023-11-03 12:05:31.452422: NF: 284341 Não encontrado no FTP.. 
2023-11-03 12:05:31.508362: NF: 284254 Não encontrado no FTP.. 
2023-11-03 12:05:31.538390: NF: 284204 Não encontrado no FTP.. 
2023-11-03 12:05:31.572433: NF: 284392 Não encontrado no FTP.. 
2023-11-03 12:05:31.628370: NF: 284389 Não encontrado no FTP.. 
2023-11-03 12:05:31.663364: NF: 284351 Não encontrado no FTP.. 
2023-11-03 12:05:31.725362: NF: 284391 Não encontrado no FTP.. 
2023-11-03 12:05:31.797363: NF: 284390 Não encontrado no FTP.. 
2023-11-03 12:05:31.859362: NF: 284388 Não encontrado no FTP.. 
2023-11-03 12:05:31.955402: NF: 284341 Não encontrado no FTP.. 
2023-11-03 12:21:26.045767: NF: 284392 Encontrada e impressa na impressora com sucesso. 
2023-11-03 12:21:29.672145: NF: 284391 Encontrada e impressa na impressora com sucesso. 
2023-11-03 12:21:31.562537: NF: 284390 Encontrada e impressa na impressora com sucesso. 
2023-11-03 12:21:33.398636: NF: 284389 Encontrada e impressa na impressora com sucesso. 
2023-11-03 12:21:35.304652: NF: 284388 Encontrada e impressa na impressora com sucesso. 
2023-11-03 12:21:36.727661: NF: 284351 Encontrada e impressa na impressora com sucesso. 
2023-11-03 12:21:38.464677: NF: 284341 Encontrada e impressa na impressora com sucesso. 
2023-11-03 12:21:39.322682: NF: 284254 Encontrada e impressa na impressora com sucesso. 
2023-11-03 12:21:41.093169: NF: 284204 Encontrada e impressa na impressora com sucesso. 
2023-11-03 12:21:42.252177: NF: 284392 Encontrada e impressa na impressora com sucesso. 
2023-11-03 12:21:43.136191: NF: 284391 Encontrada e impressa na impressora com sucesso. 
2023-11-03 12:21:44.389390: NF: 284390 Encontrada e impressa na impressora com sucesso. 
2023-11-03 12:21:45.672764: NF: 284389 Encontrada e impressa na impressora com sucesso. 
2023-11-03 12:21:46.439769: NF: 284388 Encontrada e impressa na impressora com sucesso. 
2023-11-03 12:21:47.318274: NF: 284351 Encontrada e impressa na impressora com sucesso. 
2023-11-03 12:21:47.878669: NF: 284341 Não salvou na pasta. 
2023-11-03 12:21:47.948669: NF: 284341 Encontrada e impressa na impressora com sucesso. 
2023-11-03 12:21:48.492673: NF: 284254 Encontrada e impressa na impressora com sucesso. 
2023-11-03 12:21:49.123939: NF: 284204 Encontrada e impressa na impressora com sucesso. 
2023-11-03 12:21:50.165306: NF: 284254 Encontrada e impressa na impressora com sucesso. 
2023-11-03 12:21:51.185315: NF: 284204 Encontrada e impressa na impressora com sucesso. 
2023-11-03 12:21:52.314454: NF: 284392 Encontrada e impressa na impressora com sucesso. 
2023-11-03 12:21:54.086974: NF: 284389 Encontrada e impressa na impressora com sucesso. 
2023-11-03 12:21:55.525985: NF: 284351 Encontrada e impressa na impressora com sucesso. 
2023-11-03 12:21:56.398003: NF: 284391 Encontrada e impressa na impressora com sucesso. 
2023-11-03 12:21:57.458012: NF: 284390 Não salvou na pasta. 
2023-11-03 12:21:57.507013: NF: 284390 Encontrada e impressa na impressora com sucesso. 
2023-11-03 12:21:58.930934: NF: 284388 Encontrada e impressa na impressora com sucesso. 
2023-11-03 12:22:00.144958: NF: 284341 Encontrada e impressa na impressora com sucesso. 
2023-11-03 12:22:02.059381: NF: 284254 Encontrada e impressa na impressora com sucesso. 
2023-11-03 12:22:03.916396: NF: 284204 Encontrada e impressa na impressora com sucesso. 
2023-11-03 12:22:07.454800: NF: 284392 Encontrada e impressa na impressora com sucesso. 
2023-11-03 12:22:08.421852: NF: 284389 Encontrada e impressa na impressora com sucesso. 
2023-11-03 12:22:10.075821: NF: 284351 Encontrada e impressa na impressora com sucesso. 
2023-11-03 12:22:11.010232: NF: 284391 Encontrada e impressa na impressora com sucesso. 
2023-11-03 12:22:12.331572: NF: 284390 Encontrada e impressa na impressora com sucesso. 
2023-11-03 12:22:13.449564: NF: 284388 Encontrada e impressa na impressora com sucesso. 
2023-11-03 12:22:15.070800: NF: 284341 Encontrada e impressa na impressora com sucesso. 
2023-11-03 12:25:43.871497: NF: 284392 Encontrada e impressa na impressora com sucesso. 
2023-11-03 12:25:45.438504: NF: 284391 Encontrada e impressa na impressora com sucesso. 
2023-11-03 12:26:15.299368: NF: 284392 Não encontrado no FTP.. 
2023-11-03 12:26:15.410822: NF: 284391 Não encontrado no FTP.. 
2023-11-03 12:26:15.518823: NF: 284390 Não encontrado no FTP.. 
2023-11-03 12:26:15.611860: NF: 284389 Não encontrado no FTP.. 
2023-11-03 12:26:15.713822: NF: 284388 Não encontrado no FTP.. 
2023-11-03 12:26:16.136026: NF: 284351 Não encontrado no FTP.. 
2023-11-03 12:26:16.300991: NF: 284341 Não encontrado no FTP.. 
2023-11-03 12:26:16.524992: NF: 284254 Não encontrado no FTP.. 
2023-11-03 12:26:16.703173: NF: 284204 Não encontrado no FTP.. 
2023-11-03 12:26:16.817196: NF: 284392 Não encontrado no FTP.. 
2023-11-03 12:26:17.244167: NF: 284391 Não encontrado no FTP.. 
2023-11-03 12:26:17.468168: NF: 284390 Não encontrado no FTP.. 
2023-11-03 12:26:17.645203: NF: 284389 Não encontrado no FTP.. 
2023-11-03 12:26:18.158208: NF: 284388 Não encontrado no FTP.. 
2023-11-03 12:26:18.337173: NF: 284351 Não encontrado no FTP.. 
2023-11-03 12:26:18.437171: NF: 284341 Não encontrado no FTP.. 
2023-11-03 12:26:18.536171: NF: 284254 Não encontrado no FTP.. 
2023-11-03 12:26:18.679173: NF: 284204 Não encontrado no FTP.. 
